This is pdfTeX, Version 3.1415926-2.3-1.40.12 (MiKTeX 2.9 64-bit) (preloaded format=pdflatex 2013.3.14)  11 JUL 2014 15:09
entering extended mode
**Kidney*CA*-*project*write*up.tex

("C:\Users\Ben\Dropbox\Kidney Morphogenesis\Modelling\Mathematical modelling\Re
t HL\Kidney CA - project write up.tex"
LaTeX2e <2011/06/27>
Babel <v3.8m> and hyphenation patterns for english, afrikaans, ancientgreek, ar
abic, armenian, assamese, basque, bengali, bokmal, bulgarian, catalan, coptic, 
croatian, czech, danish, dutch, esperanto, estonian, farsi, finnish, french, ga
lician, german, german-x-2009-06-19, greek, gujarati, hindi, hungarian, iceland
ic, indonesian, interlingua, irish, italian, kannada, kurmanji, lao, latin, lat
vian, lithuanian, malayalam, marathi, mongolian, mongolianlmc, monogreek, ngerm
an, ngerman-x-2009-06-19, nynorsk, oriya, panjabi, pinyin, polish, portuguese, 
romanian, russian, sanskrit, serbian, slovak, slovenian, spanish, swedish, swis
sgerman, tamil, telugu, turkish, turkmen, ukenglish, ukrainian, uppersorbian, u
senglishmax, welsh, loaded.
("C:\Program Files\MiKTeX 2.9\tex\latex\base\article.cls"
Document Class: article 2007/10/19 v1.4h Standard LaTeX document class
("C:\Program Files\MiKTeX 2.9\tex\latex\base\size10.clo"
File: size10.clo 2007/10/19 v1.4h Standard LaTeX file (size option)
)
\c@part=\count79
\c@section=\count80
\c@subsection=\count81
\c@subsubsection=\count82
\c@paragraph=\count83
\c@subparagraph=\count84
\c@figure=\count85
\c@table=\count86
\abovecaptionskip=\skip41
\belowcaptionskip=\skip42
\bibindent=\dimen102
)
("C:\Program Files\MiKTeX 2.9\tex\latex\appendix\appendix.sty"
Package: appendix 2009/09/02 v1.2b extra appendix facilities
\c@@pps=\count87
\c@@ppsavesec=\count88
\c@@ppsaveapp=\count89
)
("C:\Program Files\MiKTeX 2.9\tex\latex\graphics\graphicx.sty"
Package: graphicx 1999/02/16 v1.0f Enhanced LaTeX Graphics (DPC,SPQR)

("C:\Program Files\MiKTeX 2.9\tex\latex\graphics\keyval.sty"
Package: keyval 1999/03/16 v1.13 key=value parser (DPC)
\KV@toks@=\toks14
)
("C:\Program Files\MiKTeX 2.9\tex\latex\graphics\graphics.sty"
Package: graphics 2009/02/05 v1.0o Standard LaTeX Graphics (DPC,SPQR)

("C:\Program Files\MiKTeX 2.9\tex\latex\graphics\trig.sty"
Package: trig 1999/03/16 v1.09 sin cos tan (DPC)
)
("C:\Program Files\MiKTeX 2.9\tex\latex\00miktex\graphics.cfg"
File: graphics.cfg 2007/01/18 v1.5 graphics configuration of teTeX/TeXLive
)
Package graphics Info: Driver file: pdftex.def on input line 91.

("C:\Program Files\MiKTeX 2.9\tex\latex\pdftex-def\pdftex.def"
File: pdftex.def 2011/05/27 v0.06d Graphics/color for pdfTeX

("C:\Program Files\MiKTeX 2.9\tex\generic\oberdiek\infwarerr.sty"
Package: infwarerr 2010/04/08 v1.3 Providing info/warning/error messages (HO)
)
("C:\Program Files\MiKTeX 2.9\tex\generic\oberdiek\ltxcmds.sty"
Package: ltxcmds 2011/11/09 v1.22 LaTeX kernel commands for general use (HO)
)
\Gread@gobject=\count90
))
\Gin@req@height=\dimen103
\Gin@req@width=\dimen104
)
("C:\Program Files\MiKTeX 2.9\tex\latex\ltxmisc\url.sty"
\Urlmuskip=\muskip10
Package: url 2006/04/12  ver 3.3  Verb mode for urls, etc.
)
("C:\Program Files\MiKTeX 2.9\tex\latex\psnfss\times.sty"
Package: times 2005/04/12 PSNFSS-v9.2a (SPQR) 
)
("C:\Program Files\MiKTeX 2.9\tex\latex\oberdiek\epstopdf.sty"
Package: epstopdf 2010/02/09 v2.5 Conversion with epstopdf on the fly (HO)

("C:\Program Files\MiKTeX 2.9\tex\latex\oberdiek\epstopdf-base.sty"
Package: epstopdf-base 2010/02/09 v2.5 Base part for package epstopdf

("C:\Program Files\MiKTeX 2.9\tex\latex\oberdiek\grfext.sty"
Package: grfext 2010/08/19 v1.1 Manage graphics extensions (HO)

("C:\Program Files\MiKTeX 2.9\tex\generic\oberdiek\kvdefinekeys.sty"
Package: kvdefinekeys 2011/04/07 v1.3 Define keys (HO)
))
("C:\Program Files\MiKTeX 2.9\tex\latex\oberdiek\kvoptions.sty"
Package: kvoptions 2011/06/30 v3.11 Key value format for package options (HO)

("C:\Program Files\MiKTeX 2.9\tex\generic\oberdiek\kvsetkeys.sty"
Package: kvsetkeys 2012/04/25 v1.16 Key value parser (HO)

("C:\Program Files\MiKTeX 2.9\tex\generic\oberdiek\etexcmds.sty"
Package: etexcmds 2011/02/16 v1.5 Avoid name clashes with e-TeX commands (HO)

("C:\Program Files\MiKTeX 2.9\tex\generic\oberdiek\ifluatex.sty"
Package: ifluatex 2010/03/01 v1.3 Provides the ifluatex switch (HO)
Package ifluatex Info: LuaTeX not detected.
)
Package etexcmds Info: Could not find \expanded.
(etexcmds)             That can mean that you are not using pdfTeX 1.50 or
(etexcmds)             that some package has redefined \expanded.
(etexcmds)             In the latter case, load this package earlier.
)))
("C:\Program Files\MiKTeX 2.9\tex\generic\oberdiek\pdftexcmds.sty"
Package: pdftexcmds 2011/11/29 v0.20 Utility functions of pdfTeX for LuaTeX (HO
)

("C:\Program Files\MiKTeX 2.9\tex\generic\oberdiek\ifpdf.sty"
Package: ifpdf 2011/01/30 v2.3 Provides the ifpdf switch (HO)
Package ifpdf Info: pdfTeX in PDF mode is detected.
)
Package pdftexcmds Info: LuaTeX not detected.
Package pdftexcmds Info: \pdf@primitive is available.
Package pdftexcmds Info: \pdf@ifprimitive is available.
Package pdftexcmds Info: \pdfdraftmode found.
)
Package grfext Info: Graphics extension search list:
(grfext)             [.png,.pdf,.jpg,.mps,.jpeg,.jbig2,.jb2,.PNG,.PDF,.JPG,.JPE
G,.JBIG2,.JB2,.eps]
(grfext)             \AppendGraphicsExtensions on input line 452.
))
("C:\Program Files\MiKTeX 2.9\tex\latex\ams\math\amsmath.sty"
Package: amsmath 2000/07/18 v2.13 AMS math features
\@mathmargin=\skip43

For additional information on amsmath, use the `?' option.
("C:\Program Files\MiKTeX 2.9\tex\latex\ams\math\amstext.sty"
Package: amstext 2000/06/29 v2.01

("C:\Program Files\MiKTeX 2.9\tex\latex\ams\math\amsgen.sty"
File: amsgen.sty 1999/11/30 v2.0
\@emptytoks=\toks15
\ex@=\dimen105
))
("C:\Program Files\MiKTeX 2.9\tex\latex\ams\math\amsbsy.sty"
Package: amsbsy 1999/11/29 v1.2d
\pmbraise@=\dimen106
)
("C:\Program Files\MiKTeX 2.9\tex\latex\ams\math\amsopn.sty"
Package: amsopn 1999/12/14 v2.01 operator names
)
\inf@bad=\count91
LaTeX Info: Redefining \frac on input line 211.
\uproot@=\count92
\leftroot@=\count93
LaTeX Info: Redefining \overline on input line 307.
\classnum@=\count94
\DOTSCASE@=\count95
LaTeX Info: Redefining \ldots on input line 379.
LaTeX Info: Redefining \dots on input line 382.
LaTeX Info: Redefining \cdots on input line 467.
\Mathstrutbox@=\box26
\strutbox@=\box27
\big@size=\dimen107
LaTeX Font Info:    Redeclaring font encoding OML on input line 567.
LaTeX Font Info:    Redeclaring font encoding OMS on input line 568.
\macc@depth=\count96
\c@MaxMatrixCols=\count97
\dotsspace@=\muskip11
\c@parentequation=\count98
\dspbrk@lvl=\count99
\tag@help=\toks16
\row@=\count100
\column@=\count101
\maxfields@=\count102
\andhelp@=\toks17
\eqnshift@=\dimen108
\alignsep@=\dimen109
\tagshift@=\dimen110
\tagwidth@=\dimen111
\totwidth@=\dimen112
\lineht@=\dimen113
\@envbody=\toks18
\multlinegap=\skip44
\multlinetaggap=\skip45
\mathdisplay@stack=\toks19
LaTeX Info: Redefining \[ on input line 2666.
LaTeX Info: Redefining \] on input line 2667.
)
("C:\Program Files\MiKTeX 2.9\tex\generic\xypic\xy.sty"
("C:\Program Files\MiKTeX 2.9\tex\generic\xypic\xy.tex" Bootstrap'ing:
catcodes, docmode, ("C:\Program Files\MiKTeX 2.9\tex\generic\xypic\xyrecat.tex"
) ("C:\Program Files\MiKTeX 2.9\tex\generic\xypic\xyidioms.tex")

 Xy-pic version 3.8.6 <2011/05/27>
 Copyright (c) 1991-2011 by Kristoffer H. Rose <krisrose@tug.org>
 Xy-pic is free software: see the User's Guide for details.

Loading kernel: messages; fonts; allocations: state,
\X@c=\dimen114
\Y@c=\dimen115
\U@c=\dimen116
\D@c=\dimen117
\L@c=\dimen118
\R@c=\dimen119
\Edge@c=\toks20
\X@p=\dimen120
\Y@p=\dimen121
\U@p=\dimen122
\D@p=\dimen123
\L@p=\dimen124
\R@p=\dimen125
\Edge@p=\toks21
\X@origin=\dimen126
\Y@origin=\dimen127
\X@xbase=\dimen128
\Y@xbase=\dimen129
\X@ybase=\dimen130
\Y@ybase=\dimen131
\X@min=\dimen132
\Y@min=\dimen133
\X@max=\dimen134
\Y@max=\dimen135
\lastobjectbox@=\box28
\zerodotbox@=\box29
\almostz@=\dimen136
 direction,
\d@X=\dimen137
\d@Y=\dimen138
\K@=\count103
\KK@=\count104
\Direction=\count105
\K@dXdY=\dimen139
\K@dYdX=\dimen140
\xyread@=\read1
\xywrite@=\write3
\csp@=\count106
\quotPTK@=\dimen141

utility macros; pictures: \xy, positions,
\swaptoks@@=\toks22
\connectobjectbox@@=\box30
 objects,
\styletoks@=\toks23
 decorations;
kernel objects: directionals, circles, text; options; algorithms: directions,
edges, connections;  Xy-pic loaded)
Package: xy 2011/05/27 Xy-pic version 3.8.6

("C:\Program Files\MiKTeX 2.9\tex\generic\xypic\xypdf.tex"
 Xy-pic option: PDF driver v.1.7 loaded)
("C:\Program Files\MiKTeX 2.9\tex\generic\xypic\xyall.tex"
 Xy-pic option: All features v.3.8
("C:\Program Files\MiKTeX 2.9\tex\generic\xypic\xycurve.tex"
 Xy-pic option: Curve and Spline extension v.3.12 curve,
\crv@cnt@=\count107
\crvpts@=\toks24
\splinebox@=\box31
\splineval@=\dimen142
\splinedepth@=\dimen143
\splinetol@=\dimen144
\splinelength@=\dimen145
 circles,
\L@=\dimen146
 loaded)
Xy-pic pdf driver: `curve' extension support
("C:\Program Files\MiKTeX 2.9\tex\generic\xypic\xypdf-cu.tex" loaded)
("C:\Program Files\MiKTeX 2.9\tex\generic\xypic\xyframe.tex"
 Xy-pic option: Frame and Bracket extension v.3.13 loaded)
Xy-pic pdf driver: `frame' extension support
("C:\Program Files\MiKTeX 2.9\tex\generic\xypic\xypdf-fr.tex" loaded)
("C:\Program Files\MiKTeX 2.9\tex\generic\xypic\xycmtip.tex"
 Xy-pic option: Computer Modern tip extension v.3.7
("C:\Program Files\MiKTeX 2.9\tex\generic\xypic\xytips.tex"
 Xy-pic option: More Tips extension v.3.9 loaded) loaded)
("C:\Program Files\MiKTeX 2.9\tex\generic\xypic\xyline.tex"
 Xy-pic option: Line styles extension v.3.10
\xylinethick@=\dimen147
 loaded)
Xy-pic pdf driver: `line' extension support
("C:\Program Files\MiKTeX 2.9\tex\generic\xypic\xypdf-li.tex" loaded)
("C:\Program Files\MiKTeX 2.9\tex\generic\xypic\xyrotate.tex"
 Xy-pic option: Rotate and Scale extension v.3.8 loaded)
Xy-pic pdf driver: `rotate' extension support
("C:\Program Files\MiKTeX 2.9\tex\generic\xypic\xypdf-ro.tex" loaded)
("C:\Program Files\MiKTeX 2.9\tex\generic\xypic\xycolor.tex"
 Xy-pic option: Colour extension v.3.11 loaded)
Xy-pic pdf driver: `color' extension support
("C:\Program Files\MiKTeX 2.9\tex\generic\xypic\xypdf-co.tex" loaded)
("C:\Program Files\MiKTeX 2.9\tex\generic\xypic\xymatrix.tex"
 Xy-pic option: Matrix feature v.3.14
\Row=\count108
\Col=\count109
\queue@=\toks25
\queue@@=\toks26
\qcount@=\count110
\qcount@@=\count111
\matrixsize@=\count112
 loaded)
("C:\Program Files\MiKTeX 2.9\tex\generic\xypic\xyarrow.tex"
 Xy-pic option: Arrow and Path feature v.3.9 path, \ar, loaded)
("C:\Program Files\MiKTeX 2.9\tex\generic\xypic\xygraph.tex"
 Xy-pic option: Graph feature v.3.11 loaded) loaded))
("C:\Program Files\MiKTeX 2.9\tex\latex\pxfonts\pxfonts.sty"
Package: pxfonts 2008/01/22 v1.1.1
LaTeX Font Info:    Redeclaring symbol font `operators' on input line 21.
LaTeX Font Info:    Overwriting symbol font `operators' in version `normal'
(Font)                  OT1/cmr/m/n --> OT1/pxr/m/n on input line 21.
LaTeX Font Info:    Overwriting symbol font `operators' in version `bold'
(Font)                  OT1/cmr/bx/n --> OT1/pxr/m/n on input line 21.
LaTeX Font Info:    Overwriting symbol font `operators' in version `bold'
(Font)                  OT1/pxr/m/n --> OT1/pxr/bx/n on input line 22.
\symitalic=\mathgroup4
LaTeX Font Info:    Overwriting symbol font `italic' in version `bold'
(Font)                  OT1/pxr/m/it --> OT1/pxr/bx/it on input line 26.
LaTeX Font Info:    Redeclaring math alphabet \mathbf on input line 29.
LaTeX Font Info:    Overwriting math alphabet `\mathbf' in version `normal'
(Font)                  OT1/cmr/bx/n --> OT1/pxr/bx/n on input line 29.
LaTeX Font Info:    Overwriting math alphabet `\mathbf' in version `bold'
(Font)                  OT1/cmr/bx/n --> OT1/pxr/bx/n on input line 29.
LaTeX Font Info:    Redeclaring math alphabet \mathit on input line 30.
LaTeX Font Info:    Overwriting math alphabet `\mathit' in version `normal'
(Font)                  OT1/cmr/m/it --> OT1/pxr/m/it on input line 30.
LaTeX Font Info:    Overwriting math alphabet `\mathit' in version `bold'
(Font)                  OT1/cmr/bx/it --> OT1/pxr/m/it on input line 30.
LaTeX Font Info:    Overwriting math alphabet `\mathit' in version `bold'
(Font)                  OT1/pxr/m/it --> OT1/pxr/bx/it on input line 31.
LaTeX Font Info:    Redeclaring math alphabet \mathsf on input line 40.
LaTeX Font Info:    Overwriting math alphabet `\mathsf' in version `normal'
(Font)                  OT1/cmss/m/n --> OT1/pxss/m/n on input line 40.
LaTeX Font Info:    Overwriting math alphabet `\mathsf' in version `bold'
(Font)                  OT1/cmss/bx/n --> OT1/pxss/m/n on input line 40.
LaTeX Font Info:    Overwriting math alphabet `\mathsf' in version `bold'
(Font)                  OT1/pxss/m/n --> OT1/pxss/b/n on input line 41.
LaTeX Font Info:    Redeclaring math alphabet \mathtt on input line 50.
LaTeX Font Info:    Overwriting math alphabet `\mathtt' in version `normal'
(Font)                  OT1/cmtt/m/n --> OT1/pxtt/m/n on input line 50.
LaTeX Font Info:    Overwriting math alphabet `\mathtt' in version `bold'
(Font)                  OT1/cmtt/m/n --> OT1/pxtt/m/n on input line 50.
LaTeX Font Info:    Overwriting math alphabet `\mathtt' in version `bold'
(Font)                  OT1/pxtt/m/n --> OT1/pxtt/b/n on input line 51.
LaTeX Font Info:    Redeclaring symbol font `letters' on input line 58.
LaTeX Font Info:    Overwriting symbol font `letters' in version `normal'
(Font)                  OML/cmm/m/it --> OML/pxmi/m/it on input line 58.
LaTeX Font Info:    Overwriting symbol font `letters' in version `bold'
(Font)                  OML/cmm/b/it --> OML/pxmi/m/it on input line 58.
LaTeX Font Info:    Overwriting symbol font `letters' in version `bold'
(Font)                  OML/pxmi/m/it --> OML/pxmi/bx/it on input line 59.
\symlettersA=\mathgroup5
LaTeX Font Info:    Overwriting symbol font `lettersA' in version `bold'
(Font)                  U/pxmia/m/it --> U/pxmia/bx/it on input line 67.
LaTeX Font Info:    Redeclaring symbol font `symbols' on input line 77.
LaTeX Font Info:    Overwriting symbol font `symbols' in version `normal'
(Font)                  OMS/cmsy/m/n --> OMS/pxsy/m/n on input line 77.
LaTeX Font Info:    Overwriting symbol font `symbols' in version `bold'
(Font)                  OMS/cmsy/b/n --> OMS/pxsy/m/n on input line 77.
LaTeX Font Info:    Overwriting symbol font `symbols' in version `bold'
(Font)                  OMS/pxsy/m/n --> OMS/pxsy/bx/n on input line 78.
\symAMSa=\mathgroup6
LaTeX Font Info:    Overwriting symbol font `AMSa' in version `bold'
(Font)                  U/pxsya/m/n --> U/pxsya/bx/n on input line 94.
\symAMSb=\mathgroup7
LaTeX Font Info:    Overwriting symbol font `AMSb' in version `bold'
(Font)                  U/pxsyb/m/n --> U/pxsyb/bx/n on input line 103.
\symsymbolsC=\mathgroup8
LaTeX Font Info:    Overwriting symbol font `symbolsC' in version `bold'
(Font)                  U/pxsyc/m/n --> U/pxsyc/bx/n on input line 113.
LaTeX Font Info:    Redeclaring symbol font `largesymbols' on input line 120.
LaTeX Font Info:    Overwriting symbol font `largesymbols' in version `normal'
(Font)                  OMX/cmex/m/n --> OMX/pxex/m/n on input line 120.
LaTeX Font Info:    Overwriting symbol font `largesymbols' in version `bold'
(Font)                  OMX/cmex/m/n --> OMX/pxex/m/n on input line 120.
LaTeX Font Info:    Overwriting symbol font `largesymbols' in version `bold'
(Font)                  OMX/pxex/m/n --> OMX/pxex/bx/n on input line 121.
\symlargesymbolsA=\mathgroup9
LaTeX Font Info:    Overwriting symbol font `largesymbolsA' in version `bold'
(Font)                  U/pxexa/m/n --> U/pxexa/bx/n on input line 129.
LaTeX Info: Redefining \not on input line 997.
)
("C:\Program Files\MiKTeX 2.9\tex\latex\colortbl\colortbl.sty"
Package: colortbl 2001/02/13 v0.1j Color table columns (DPC)

("C:\Program Files\MiKTeX 2.9\tex\latex\tools\array.sty"
Package: array 2008/09/09 v2.4c Tabular extension package (FMi)
\col@sep=\dimen148
\extrarowheight=\dimen149
\NC@list=\toks27
\extratabsurround=\skip46
\backup@length=\skip47
)
("C:\Program Files\MiKTeX 2.9\tex\latex\graphics\color.sty"
Package: color 2005/11/14 v1.0j Standard LaTeX Color (DPC)

("C:\Program Files\MiKTeX 2.9\tex\latex\00miktex\color.cfg"
File: color.cfg 2007/01/18 v1.5 color configuration of teTeX/TeXLive
)
Package color Info: Driver file: pdftex.def on input line 130.
)
\everycr=\toks28
\minrowclearance=\skip48
)
("C:\Program Files\MiKTeX 2.9\tex\latex\subfigure\subfigure.sty"
Package: subfigure 2002/07/30 v2.1.4 subfigure package
\subfigtopskip=\skip49
\subfigcapskip=\skip50
\subfigcaptopadj=\dimen150
\subfigbottomskip=\skip51
\subfigcapmargin=\dimen151
\subfiglabelskip=\skip52
\c@subfigure=\count113
\c@lofdepth=\count114
\c@subtable=\count115
\c@lotdepth=\count116

****************************************
* Local config file subfigure.cfg used *
****************************************
("C:\Program Files\MiKTeX 2.9\tex\latex\subfigure\subfigure.cfg")
\subfig@top=\skip53
\subfig@bottom=\skip54
)
("C:\Program Files\MiKTeX 2.9\tex\latex\was\gensymb.sty"
Package: gensymb 2003/07/02 v1.0 (WaS)
)
("C:\Program Files\MiKTeX 2.9\tex\latex\ctable\ctable.sty"
Package: ctable 2011/09/05 v1.21 ctable package

("C:\Program Files\MiKTeX 2.9\tex\latex\xkeyval\xkeyval.sty"
Package: xkeyval 2008/08/13 v2.6a package option processing (HA)

("C:\Program Files\MiKTeX 2.9\tex\generic\xkeyval\xkeyval.tex"
\XKV@toks=\toks29
\XKV@tempa@toks=\toks30
\XKV@depth=\count117
File: xkeyval.tex 2008/08/13 v2.6a key=value parser (HA)
))
("C:\Program Files\MiKTeX 2.9\tex\latex\tools\tabularx.sty"
Package: tabularx 1999/01/07 v2.07 `tabularx' package (DPC)
\TX@col@width=\dimen152
\TX@old@table=\dimen153
\TX@old@col=\dimen154
\TX@target=\dimen155
\TX@delta=\dimen156
\TX@cols=\count118
\TX@ftn=\toks31
)
("C:\Program Files\MiKTeX 2.9\tex\latex\booktabs\booktabs.sty"
Package: booktabs 2005/04/14 v1.61803 publication quality tables
\heavyrulewidth=\dimen157
\lightrulewidth=\dimen158
\cmidrulewidth=\dimen159
\belowrulesep=\dimen160
\belowbottomsep=\dimen161
\aboverulesep=\dimen162
\abovetopsep=\dimen163
\cmidrulesep=\dimen164
\cmidrulekern=\dimen165
\defaultaddspace=\dimen166
\@cmidla=\count119
\@cmidlb=\count120
\@aboverulesep=\dimen167
\@belowrulesep=\dimen168
\@thisruleclass=\count121
\@lastruleclass=\count122
\@thisrulewidth=\dimen169
)
("C:\Program Files\MiKTeX 2.9\tex\latex\rotating\rotating.sty"
Package: rotating 2009/03/28 v2.16a rotated objects in LaTeX

("C:\Program Files\MiKTeX 2.9\tex\latex\base\ifthen.sty"
Package: ifthen 2001/05/26 v1.1c Standard LaTeX ifthen package (DPC)
)
\c@r@tfl@t=\count123
\rotFPtop=\skip55
\rotFPbot=\skip56
\rot@float@box=\box32
\rot@mess@toks=\toks32
)
\@ctblframesep=\dimen170
\@defaultctblframesep=\dimen171
\@ctblframerule=\dimen172
\@defaultctblframerule=\dimen173
\@ctblwidth=\dimen174
\@defaultctblwidth=\dimen175
\@ctblcaptionskip=\dimen176
\@defaultctblcaptionskip=\dimen177
\@ctblmaxwidth=\dimen178
\@defaultctblmaxwidth=\dimen179
\@ctblmincapwidth=\dimen180
\@defaultctblmincapwidth=\dimen181
\@ctblw=\dimen182
\@ctblfloatwidth=\dimen183
\@ctbloldsep=\dimen184
\@ctbloldrule=\dimen185
\ctbl@t=\box33
)
("C:\Program Files\MiKTeX 2.9\tex\latex\caption\caption.sty"
Package: caption 2012/02/19 v3.2f Customizing captions (AR)

("C:\Program Files\MiKTeX 2.9\tex\latex\caption\caption3.sty"
Package: caption3 2012/01/12 v1.4b caption3 kernel (AR)
\captionmargin=\dimen186
\captionmargin@=\dimen187
\captionwidth=\dimen188
\caption@indent=\dimen189
\caption@parindent=\dimen190
\caption@hangindent=\dimen191
)
\c@ContinuedFloat=\count124
Package caption Info: rotating package is loaded.
Package caption Info: subfigure package is loaded.
)
("C:\Program Files\MiKTeX 2.9\tex\latex\tools\longtable.sty"
Package: longtable 2004/02/01 v4.11 Multi-page Table package (DPC)
\LTleft=\skip57
\LTright=\skip58
\LTpre=\skip59
\LTpost=\skip60
\LTchunksize=\count125
\LTcapwidth=\dimen192
\LT@head=\box34
\LT@firsthead=\box35
\LT@foot=\box36
\LT@lastfoot=\box37
\LT@cols=\count126
\LT@rows=\count127
\c@LT@tables=\count128
\c@LT@chunks=\count129
\LT@p@ftn=\toks33
)
("C:\Program Files\MiKTeX 2.9\tex\latex\pst-func\pst-func.sty"
("C:\Program Files\MiKTeX 2.9\tex\latex\pstricks\pstricks.sty"
Package: pstricks 2011/10/31 v0.52 LaTeX wrapper for `PSTricks' (RN,HV)

("C:\Program Files\MiKTeX 2.9\tex\generic\pstricks\base\pstricks.tex"
("C:\Program Files\MiKTeX 2.9\tex\generic\xkeyval\pst-xkey.tex"
File: pst-xkey.tex 2005/11/25 v1.6 PSTricks specialization of xkeyval (HA)
)
("C:\Program Files\MiKTeX 2.9\tex\generic\pstricks\base\pst-fp.tex"
`pst-fp' v0.05, 2010/01/17 (hv)
\pstFP@xs=\count130
\pstFP@xia=\count131
\pstFP@xib=\count132
\pstFP@xfa=\count133
\pstFP@xfb=\count134
\pstFP@rega=\count135
\pstFP@regb=\count136
\pstFP@regs=\count137
\pstFP@times=\count138
)
\psLoopIndex=\count139

`PSTricks' v2.27  <2012/03/11> (tvz)
\pst@dima=\dimen193
\pst@dimb=\dimen194
\pst@dimc=\dimen195
\pst@dimd=\dimen196
\pst@dimg=\dimen197
\pst@dimh=\dimen198
\pst@dimm=\dimen199
\pst@dimn=\dimen200
\pst@dimo=\dimen201
\pst@dimp=\dimen202
\pst@hbox=\box38
\pst@ibox=\box39
\pst@boxg=\box40
\pst@cnta=\count140
\pst@cntb=\count141
\pst@cntc=\count142
\pst@cntd=\count143
\pst@cntg=\count144
\pst@cnth=\count145
\pst@cntm=\count146
\pst@cntn=\count147
\pst@cnto=\count148
\pst@cntp=\count149
\@zero=\count150
\pst@toks=\toks34
("C:\Program Files\MiKTeX 2.9\tex\generic\pstricks\base\pstricks.con")
\psunit=\dimen203
\psxunit=\dimen204
\psyunit=\dimen205
\pst@C@@rType=\count151
\pslinewidth=\dimen206
\psk@startLW=\dimen207
\psk@endLW=\dimen208
\pst@customdefs=\toks35
\pslinearc=\dimen209
\pst@symbolStep=\dimen210
\pst@symbolWidth=\dimen211
\pst@symbolLinewidth=\dimen212
\everypsbox=\toks36
\psframesep=\dimen213
\pslabelsep=\dimen214
\pst@shift=\dimen215
\theoverlaybox=\box41
)
File: pstricks.tex 2012/03/11 v2.27 `PSTricks' (tvz,hv)

("C:\Program Files\MiKTeX 2.9\tex\generic\pstricks\base\pst-fp.tex")
File: pst-fp.tex 2012/03/11 v2.27 `PST-fp' (hv)

("C:\Program Files\MiKTeX 2.9\tex\latex\xcolor\xcolor.sty"
Package: xcolor 2007/01/21 v2.11 LaTeX color extensions (UK)

("C:\Program Files\MiKTeX 2.9\tex\latex\00miktex\color.cfg"
File: color.cfg 2007/01/18 v1.5 color configuration of teTeX/TeXLive
)
Package xcolor Info: Driver file: pdftex.def on input line 225.
LaTeX Info: Redefining \color on input line 702.
Package xcolor Info: Model `cmy' substituted by `cmy0' on input line 1337.
Package xcolor Info: Model `hsb' substituted by `rgb' on input line 1341.
Package xcolor Info: Model `RGB' extended on input line 1353.
Package xcolor Info: Model `HTML' substituted by `rgb' on input line 1355.
Package xcolor Info: Model `Hsb' substituted by `hsb' on input line 1356.
Package xcolor Info: Model `tHsb' substituted by `hsb' on input line 1357.
Package xcolor Info: Model `HSB' substituted by `hsb' on input line 1358.
Package xcolor Info: Model `Gray' substituted by `gray' on input line 1359.
Package xcolor Info: Model `wave' substituted by `hsb' on input line 1360.
))
Package: pst-func 2010/06/21 package wrapper for pst-func.tex (hv)

("C:\Program Files\MiKTeX 2.9\tex\generic\pst-func\pst-func.tex"
("C:\Program Files\MiKTeX 2.9\tex\generic\pst-plot\pst-plot.tex"
("C:\Program Files\MiKTeX 2.9\tex\generic\multido\multido.tex"
 v1.42, 2010/05/14 <tvz>
\multido@count=\count152
\multidocount=\count153
\multido@stuff=\toks37
)  v1.42, 2012/05/03 (tvz,hv)
\pstRadUnit=\dimen216
\pstRadUnitInv=\dimen217
\pst@linecnt=\count154
\psxlabelsep=\dimen218
\psylabelsep=\dimen219
\psk@subticksize=\dimen220
\pst@xticksizeA=\dimen221
\pst@xticksizeB=\dimen222
\pst@xticksizeC=\dimen223
\pst@yticksizeA=\dimen224
\pst@yticksizeB=\dimen225
\pst@yticksizeC=\dimen226
\@digitcounter=\count155
\psk@llx=\dimen227
\psk@lly=\dimen228
\psk@urx=\dimen229
\psk@ury=\dimen230
\pst@xunit=\dimen231
\pst@yunit=\dimen232
)
("C:\Program Files\MiKTeX 2.9\tex\generic\pst-math\pst-math.tex"
`pst-math' v0.62 , (CJ,hv))
("C:\Program Files\MiKTeX 2.9\tex\generic\pstricks-add\pstricks-add.tex"
("C:\Program Files\MiKTeX 2.9\tex\generic\pst-node\pst-node.tex"
 v1.22, 2012/02/12
\psrow=\count156
\pscol=\count157
\psmatrixcnt=\count158
\psrowsep=\skip61
\pscolsep=\skip62
\pst@args=\count159
\num@pts=\count160
\pst@argcnt=\count161
) ("C:\Program Files\MiKTeX 2.9\tex\generic\pst-3d\pst-3d.tex" `PST-3d' v1.11, 
2010/02/14 (tvz)) `pstricks-add' v3.55, 2011/12/11 (dr,hv)
\pshooklength=\dimen233

! No room for a new \dimen .
\ch@ck ...\else \errmessage {No room for a new #3}
                                                  \fi 
l.306 \newdimen\pshookwidth
                           
This error message was generated by an \errmessage
command, so I can't give any explicit help.
Pretend that you're Hercule Poirot: Examine all clues,
and deduce the truth by order and method.

\pshookwidth=\dimen234
\pst@cntC=\count162
! No room for a new \dimen .
\ch@ck ...\else \errmessage {No room for a new #3}
                                                  \fi 
l.1722 \newdimen\chart@ColorIndex
                                 
(That was another \errmessage.)

\chart@ColorIndex=\dimen235
! No room for a new \dimen .
\ch@ck ...\else \errmessage {No room for a new #3}
                                                  \fi 
l.1723 \newdimen\chart@ColorStep
                                
(That was another \errmessage.)

\chart@ColorStep=\dimen236
! No room for a new \dimen .
\ch@ck ...\else \errmessage {No room for a new #3}
                                                  \fi 
l.1724 \newdimen\pst@chartHeight
                                
(That was another \errmessage.)

\pst@chartHeight=\dimen237
! No room for a new \dimen .
\ch@ck ...\else \errmessage {No room for a new #3}
                                                  \fi 
l.1725 \newdimen\pst@chartStackDepth
                                    
(That was another \errmessage.)

\pst@chartStackDepth=\dimen238
! No room for a new \dimen .
\ch@ck ...\else \errmessage {No room for a new #3}
                                                  \fi 
l.1726 \newdimen\pst@chartStackWidth
                                    
(That was another \errmessage.)

\pst@chartStackWidth=\dimen239
\chart@Toggle=\count163
\psVectorCtr=\count164
) `PST-func' v0.76, 2012/01/13 (hv)
! No room for a new \dimen .
\ch@ck ...\else \errmessage {No room for a new #3}
                                                  \fi 
l.83 \newdimen\psk@zeroLineWidth
                                
(That was another \errmessage.)

\psk@zeroLineWidth=\dimen240
)
File: pst-func.tex 2012/01/13 v0.76 `PST-func' (hv)
) ("C:\Program Files\MiKTeX 2.9\tex\latex\pst-math\pst-math.sty"
Package: pst-math 2009/01/20 package wrapper for PSTricks pst-math.tex

("C:\Program Files\MiKTeX 2.9\tex\generic\pst-math\pst-math.tex")
File: pst-math.tex 2012/01/13 v0.76 `PST-math' (hv)
)

! LaTeX Error: \bibname undefined.

See the LaTeX manual or LaTeX Companion for explanation.
Type  H <return>  for immediate help.
 ...                                              
                                                  
l.21 \renewcommand{\bibname}
                            {Works Cited}
Try typing  <return>  to proceed.
If that doesn't work, type  X <return>  to quit.

("C:\Program Files\MiKTeX 2.9\tex\latex\listings\listings.sty"
\lst@mode=\count165
\lst@gtempboxa=\box42
\lst@token=\toks38
\lst@length=\count166

! No room for a new \dimen .
\ch@ck ...\else \errmessage {No room for a new #3}
                                                  \fi 
l.517 \newdimen\lst@currlwidth
                               % \global
(That was another \errmessage.)

\lst@currlwidth=\dimen241
\lst@column=\count167
\lst@pos=\count168
! No room for a new \dimen .
\ch@ck ...\else \errmessage {No room for a new #3}
                                                  \fi 
l.525 \newdimen\lst@lostspace
                              % \global
(That was another \errmessage.)

\lst@lostspace=\dimen242
! No room for a new \dimen .
\ch@ck ...\else \errmessage {No room for a new #3}
                                                  \fi 
l.532 \newdimen\lst@width
                         
(That was another \errmessage.)

\lst@width=\dimen243
\lst@newlines=\count169
\lst@lineno=\count170
! No room for a new \dimen .
\ch@ck ...\else \errmessage {No room for a new #3}
                                                  \fi 
l.1785 \newdimen\lst@maxwidth
                              % \global
(That was another \errmessage.)

\lst@maxwidth=\dimen244
("C:\Program Files\MiKTeX 2.9\tex\latex\listings\lstmisc.sty"
File: lstmisc.sty 2007/02/22 1.4 (Carsten Heinz)
\c@lstnumber=\count171
\lst@skipnumbers=\count172
\lst@framebox=\box43
)
("C:\Program Files\MiKTeX 2.9\tex\latex\listings\listings.cfg"
File: listings.cfg 2007/02/22 1.4 listings configuration
))
Package: listings 2007/02/22 1.4 (Carsten Heinz)

("C:\Program Files\MiKTeX 2.9\tex\latex\setspace\setspace.sty"
Package: setspace 2011/12/19 v6.7a set line spacing
)
("C:\Program Files\MiKTeX 2.9\tex\latex\algorithms\algorithm.sty"
Package: algorithm 2009/08/24 v0.1 Document Style `algorithm' - floating enviro
nment

("C:\Program Files\MiKTeX 2.9\tex\latex\float\float.sty"
Package: float 2001/11/08 v1.3d Float enhancements (AL)
\c@float@type=\count173
\float@exts=\toks39
\float@box=\box44
\@float@everytoks=\toks40
\@floatcapt=\box45
)
\@float@every@algorithm=\toks41
\c@algorithm=\count174
)
("C:\Program Files\MiKTeX 2.9\tex\latex\bbm\bbm.sty"
Package: bbm 1999/03/15 V 1.2 provides fonts for set symbols - TH
LaTeX Font Info:    Overwriting math alphabet `\mathbbm' in version `bold'
(Font)                  U/bbm/m/n --> U/bbm/bx/n on input line 33.
LaTeX Font Info:    Overwriting math alphabet `\mathbbmss' in version `bold'
(Font)                  U/bbmss/m/n --> U/bbmss/bx/n on input line 35.
)
("C:\Users\Ben\Dropbox\Kidney Morphogenesis\Modelling\Mathematical modelling\Re
t HL\Kidney CA - project write up.aux")
LaTeX Font Info:    Checking defaults for OML/pxmi/m/it on input line 30.
LaTeX Font Info:    Try loading font information for OML+pxmi on input line 30.


("C:\Program Files\MiKTeX 2.9\tex\latex\pxfonts\omlpxmi.fd"
File: omlpxmi.fd 2000/12/14 v1.0
)
LaTeX Font Info:    ... okay on input line 30.
LaTeX Font Info:    Checking defaults for T1/cmr/m/n on input line 30.
LaTeX Font Info:    ... okay on input line 30.
LaTeX Font Info:    Checking defaults for OT1/cmr/m/n on input line 30.
LaTeX Font Info:    ... okay on input line 30.
LaTeX Font Info:    Checking defaults for OMS/pxsy/m/n on input line 30.
LaTeX Font Info:    Try loading font information for OMS+pxsy on input line 30.


("C:\Program Files\MiKTeX 2.9\tex\latex\pxfonts\omspxsy.fd"
File: omspxsy.fd 2000/12/14 v1.0
)
LaTeX Font Info:    ... okay on input line 30.
LaTeX Font Info:    Checking defaults for OMX/pxex/m/n on input line 30.
LaTeX Font Info:    Try loading font information for OMX+pxex on input line 30.


("C:\Program Files\MiKTeX 2.9\tex\latex\pxfonts\omxpxex.fd"
File: omxpxex.fd 2000/12/14 v1.0
)
LaTeX Font Info:    ... okay on input line 30.
LaTeX Font Info:    Checking defaults for U/pxexa/m/n on input line 30.
LaTeX Font Info:    Try loading font information for U+pxexa on input line 30.

("C:\Program Files\MiKTeX 2.9\tex\latex\pxfonts\upxexa.fd"
File: upxexa.fd 2000/12/14 v1.0
)
LaTeX Font Info:    ... okay on input line 30.
LaTeX Font Info:    Try loading font information for OT1+pxr on input line 30.

("C:\Program Files\MiKTeX 2.9\tex\latex\pxfonts\ot1pxr.fd"
File: ot1pxr.fd 2000/12/14 v1.0
)
("C:\Program Files\MiKTeX 2.9\tex\context\base\supp-pdf.mkii"
[Loading MPS to PDF converter (version 2006.09.02).]
\scratchcounter=\count175
! No room for a new \dimen .
\ch@ck ...\else \errmessage {No room for a new #3}
                                                  \fi 
l.137 ... \csname newdimen\endcsname \scratchdimen
                                                  
(That was another \errmessage.)

\scratchdimen=\dimen245
\scratchbox=\box46
\nofMPsegments=\count176
\nofMParguments=\count177
\everyMPshowfont=\toks42
\MPscratchCnt=\count178
! No room for a new \dimen .
\ch@ck ...\else \errmessage {No room for a new #3}
                                                  \fi 
l.1253 \newdimen\MPscratchDim
                              % will be assigned global
(That was another \errmessage.)

\MPscratchDim=\dimen246
\MPnumerator=\count179
\makeMPintoPDFobject=\count180
\everyMPtoPDFconversion=\toks43
)
LaTeX Font Info:    Try loading font information for U+pxmia on input line 30.
 ("C:\Program Files\MiKTeX 2.9\tex\latex\pxfonts\upxmia.fd"
File: upxmia.fd 2000/12/14 v1.0
)
LaTeX Font Info:    Try loading font information for U+pxsya on input line 30.

("C:\Program Files\MiKTeX 2.9\tex\latex\pxfonts\upxsya.fd"
File: upxsya.fd 2000/12/14 v1.0
)
LaTeX Font Info:    Try loading font information for U+pxsyb on input line 30.

("C:\Program Files\MiKTeX 2.9\tex\latex\pxfonts\upxsyb.fd"
File: utxsyb.fd 2000/12/14 v1.0
)
LaTeX Font Info:    Try loading font information for U+pxsyc on input line 30.

("C:\Program Files\MiKTeX 2.9\tex\latex\pxfonts\upxsyc.fd"
File: upxsyc.fd 2000/12/14 v1.0
)
Package xypdf Info: Line width: 0.59pt on input line 30.
LaTeX Info: Redefining \celsius on input line 30.
Package gensymb Info: Faking symbols for \degree and \celsius on input line 30.



Package gensymb Warning: Not defining \perthousand.

LaTeX Info: Redefining \ohm on input line 30.
Package gensymb Info: Using \Omega for \ohm on input line 30.

Package gensymb Warning: Not defining \micro.

Package caption Info: Begin \AtBeginDocument code.
Package caption Info: float package is loaded.
Package caption Info: listings package is loaded.
Package caption Info: longtable package is loaded.
("C:\Program Files\MiKTeX 2.9\tex\latex\caption\ltcaption.sty"
Package: ltcaption 2011/09/12 v1.3 longtable captions (AR)
)
Package caption Info: End \AtBeginDocument code.
\c@lstlisting=\count181

Underfull \vbox (badness 2809) has occurred while \output is active []


Underfull \vbox (badness 10000) has occurred while \output is active []

 [1
Non-PDF special ignored!
Non-PDF special ignored!
Non-PDF special ignored!
Non-PDF special ignored!
Non-PDF special ignored!
Non-PDF special ignored!
Non-PDF special ignored!
Non-PDF special ignored!
Non-PDF special ignored!{C:/ProgramData/MiKTeX/2.9/pdftex/config/pdftex.map}


Non-PDF special ignored!
Non-PDF special ignored!
Non-PDF special ignored!

]
Package epstopdf Info: Source file: <real-branching.eps>
(epstopdf)                    date: 2014-06-24 15:32:08
(epstopdf)                    size: 245155 bytes
(epstopdf)             Output file: <real-branching-eps-converted-to.pdf>
(epstopdf)                    date: 2014-06-24 15:34:24
(epstopdf)                    size: 27714 bytes
(epstopdf)             Command: <epstopdf --outfile=real-branching-eps-converte
d-to.pdf real-branching.eps>
(epstopdf)             \includegraphics on input line 64.
Package epstopdf Info: Output file is already uptodate.

<real-branching-eps-converted-to.pdf, id=10, 908.39375pt x 117.43875pt>
File: real-branching-eps-converted-to.pdf Graphic file (type pdf)

<use real-branching-eps-converted-to.pdf>
Package pdftex.def Info: real-branching-eps-converted-to.pdf used on input line
 64.
(pdftex.def)             Requested size: 908.39154pt x 117.43845pt.

Overfull \hbox (2.19577pt too wide) in paragraph at lines 64--65
 [][] 
 []


Underfull \hbox (badness 1448) in paragraph at lines 71--72
[]\OT1/pxr/m/n/10 GDNF is pro-duced by the MM, and acts
 []

[2]
Package epstopdf Info: Source file: <pathways.eps>
(epstopdf)                    date: 2014-06-23 17:31:30
(epstopdf)                    size: 44424 bytes
(epstopdf)             Output file: <pathways-eps-converted-to.pdf>
(epstopdf)                    date: 2014-06-23 17:31:51
(epstopdf)                    size: 16752 bytes
(epstopdf)             Command: <epstopdf --outfile=pathways-eps-converted-to.p
df pathways.eps>
(epstopdf)             \includegraphics on input line 80.
Package epstopdf Info: Output file is already uptodate.
 <pathways-eps-converted-to.pdf, id=16, 709.65125pt x 552.0625pt>
File: pathways-eps-converted-to.pdf Graphic file (type pdf)

<use pathways-eps-converted-to.pdf>
Package pdftex.def Info: pathways-eps-converted-to.pdf used on input line 80.
(pdftex.def)             Requested size: 709.6495pt x 552.06114pt.

Underfull \vbox (badness 10000) has occurred while \output is active []

Package epstopdf Info: Source file: <UB_branch.eps>
(epstopdf)                    date: 2014-06-02 20:22:06
(epstopdf)                    size: 30134 bytes
(epstopdf)             Output file: <UB_branch-eps-converted-to.pdf>
(epstopdf)                    date: 2014-06-02 20:26:04
(epstopdf)                    size: 12500 bytes
(epstopdf)             Command: <epstopdf --outfile=UB_branch-eps-converted-to.
pdf UB_branch.eps>
(epstopdf)             \includegraphics on input line 92.
Package epstopdf Info: Output file is already uptodate.

<UB_branch-eps-converted-to.pdf, id=17, 1557.82pt x 589.20125pt>
File: UB_branch-eps-converted-to.pdf Graphic file (type pdf)

<use UB_branch-eps-converted-to.pdf>
Package pdftex.def Info: UB_branch-eps-converted-to.pdf used on input line 92.
(pdftex.def)             Requested size: 1557.81622pt x 589.1998pt.
 [3 <C:/Users/Ben/Dropbox/Kidney Morphogenesis/Modelling/Mathematical modelling
/Ret HL/real-branching-eps-converted-to.pdf>]
Underfull \hbox (badness 1052) in paragraph at lines 100--101
\OT1/pxr/m/n/10 ing Costan-tini and Kopan [[]] cast doubt on
 []


Underfull \vbox (badness 10000) has occurred while \output is active []

LaTeX Font Info:    Try loading font information for OMS+pxr on input line 103.


("C:\Program Files\MiKTeX 2.9\tex\latex\pxfonts\omspxr.fd"
File: omspxr.fd 2000/12/14 v1.0
)
LaTeX Font Info:    Font shape `OMS/pxr/m/n' in size <10> not available
(Font)              Font shape `OMS/pxsy/m/n' tried instead on input line 103.
Package epstopdf Info: Source file: <UB_branch_ret.eps>
(epstopdf)                    date: 2014-06-25 15:28:01
(epstopdf)                    size: 31293 bytes
(epstopdf)             Output file: <UB_branch_ret-eps-converted-to.pdf>
(epstopdf)                    date: 2014-06-25 15:29:26
(epstopdf)                    size: 12937 bytes
(epstopdf)             Command: <epstopdf --outfile=UB_branch_ret-eps-converted
-to.pdf UB_branch_ret.eps>
(epstopdf)             \includegraphics on input line 111.
Package epstopdf Info: Output file is already uptodate.

<UB_branch_ret-eps-converted-to.pdf, id=30, 1557.82pt x 589.20125pt>
File: UB_branch_ret-eps-converted-to.pdf Graphic file (type pdf)

<use UB_branch_ret-eps-converted-to.pdf>
Package pdftex.def Info: UB_branch_ret-eps-converted-to.pdf used on input line 
111.
(pdftex.def)             Requested size: 1557.81622pt x 589.1998pt.
 [4 <C:/Users/Ben/Dropbox/Kidney Morphogenesis/Modelling/Mathematical modelling
/Ret HL/pathways-eps-converted-to.pdf> <C:/Users/Ben/Dropbox/Kidney Morphogenes
is/Modelling/Mathematical modelling/Ret HL/UB_branch-eps-converted-to.pdf>]
Package epstopdf Info: Source file: <kink.eps>
(epstopdf)                    date: 2014-06-30 15:46:58
(epstopdf)                    size: 3247 bytes
(epstopdf)             Output file: <kink-eps-converted-to.pdf>
(epstopdf)                    date: 2014-06-30 15:47:05
(epstopdf)                    size: 2742 bytes
(epstopdf)             Command: <epstopdf --outfile=kink-eps-converted-to.pdf k
ink.eps>
(epstopdf)             \includegraphics on input line 124.
Package epstopdf Info: Output file is already uptodate.

<kink-eps-converted-to.pdf, id=44, 457.71pt x 318.18875pt>
File: kink-eps-converted-to.pdf Graphic file (type pdf)

<use kink-eps-converted-to.pdf>
Package pdftex.def Info: kink-eps-converted-to.pdf used on input line 124.
(pdftex.def)             Requested size: 457.7089pt x 318.18796pt.

Underfull \vbox (badness 2012) has occurred while \output is active []


Underfull \hbox (badness 10000) in paragraph at lines 135--135
[]\OT1/pxr/bx/n/14.4 Differentiation of mes-
 []


Underfull \hbox (badness 1199) in paragraph at lines 135--135
\OT1/pxr/bx/n/14.4 enchyme into nephron pro-
 []


Underfull \hbox (badness 2103) in paragraph at lines 136--137
\OT1/pxr/m/n/10 dif-fer-en-ti-ate via a mesenchyme-to-epithelium-
 []

[5 <C:/Users/Ben/Dropbox/Kidney Morphogenesis/Modelling/Mathematical modelling/
Ret HL/UB_branch_ret-eps-converted-to.pdf>] [6 <C:/Users/Ben/Dropbox/Kidney Mor
phogenesis/Modelling/Mathematical modelling/Ret HL/kink-eps-converted-to.pdf>]
[7]
Package epstopdf Info: Source file: <algorithm.eps>
(epstopdf)                    date: 2014-07-11 00:08:05
(epstopdf)                    size: 52929 bytes
(epstopdf)             Output file: <algorithm-eps-converted-to.pdf>
(epstopdf)                    date: 2014-07-11 00:08:08
(epstopdf)                    size: 19530 bytes
(epstopdf)             Command: <epstopdf --outfile=algorithm-eps-converted-to.
pdf algorithm.eps>
(epstopdf)             \includegraphics on input line 208.
Package epstopdf Info: Output file is already uptodate.
 <algorithm-eps-converted-to.pdf, id=63, 406.51875pt x 212.795pt>
File: algorithm-eps-converted-to.pdf Graphic file (type pdf)

<use algorithm-eps-converted-to.pdf>
Package pdftex.def Info: algorithm-eps-converted-to.pdf used on input line 208.

(pdftex.def)             Requested size: 406.51775pt x 212.79446pt.
Package epstopdf Info: Source file: <algorithm_specific_nochemo.eps>
(epstopdf)                    date: 2014-07-11 11:37:20
(epstopdf)                    size: 59794 bytes
(epstopdf)             Output file: <algorithm_specific_nochemo-eps-converted-t
o.pdf>
(epstopdf)                    date: 2014-07-11 11:37:25
(epstopdf)                    size: 21690 bytes
(epstopdf)             Command: <epstopdf --outfile=algorithm_specific_nochemo-
eps-converted-to.pdf algorithm_specific_nochemo.eps>
(epstopdf)             \includegraphics on input line 222.
Package epstopdf Info: Output file is already uptodate.

<algorithm_specific_nochemo-eps-converted-to.pdf, id=64, 364.36125pt x 290.0837
6pt>
File: algorithm_specific_nochemo-eps-converted-to.pdf Graphic file (type pdf)
 <use algorithm_specific_nochemo-eps-converted-to.pdf>
Package pdftex.def Info: algorithm_specific_nochemo-eps-converted-to.pdf used o
n input line 222.
(pdftex.def)             Requested size: 364.36035pt x 290.08304pt.

Underfull \hbox (badness 1052) in paragraph at lines 227--228
\OT1/pxr/m/n/10 The GDNF con-cen-tra-tion field is nu-mer-i-cally
 []

Package epstopdf Info: Source file: <emergent.eps>
(epstopdf)                    date: 2014-06-30 14:04:25
(epstopdf)                    size: 105171 bytes
(epstopdf)             Output file: <emergent-eps-converted-to.pdf>
(epstopdf)                    date: 2014-06-30 14:04:27
(epstopdf)                    size: 59874 bytes
(epstopdf)             Command: <epstopdf --outfile=emergent-eps-converted-to.p
df emergent.eps>
(epstopdf)             \includegraphics on input line 240.
Package epstopdf Info: Output file is already uptodate.
<emergent-eps-converted-to.pdf, id=65, 401.5pt x 269.005pt>
File: emergent-eps-converted-to.pdf Graphic file (type pdf)

<use emergent-eps-converted-to.pdf>
Package pdftex.def Info: emergent-eps-converted-to.pdf used on input line 240.
(pdftex.def)             Requested size: 401.49901pt x 269.00433pt.
 [8]
Package epstopdf Info: Source file: <initial.eps>
(epstopdf)                    date: 2014-06-30 14:10:10
(epstopdf)                    size: 66755 bytes
(epstopdf)             Output file: <initial-eps-converted-to.pdf>
(epstopdf)                    date: 2014-06-30 14:13:56
(epstopdf)                    size: 36222 bytes
(epstopdf)             Command: <epstopdf --outfile=initial-eps-converted-to.pd
f initial.eps>
(epstopdf)             \includegraphics on input line 251.
Package epstopdf Info: Output file is already uptodate.

<initial-eps-converted-to.pdf, id=69, 499.8675pt x 203.76125pt>
File: initial-eps-converted-to.pdf Graphic file (type pdf)

<use initial-eps-converted-to.pdf>
Package pdftex.def Info: initial-eps-converted-to.pdf used on input line 251.
(pdftex.def)             Requested size: 499.86627pt x 203.76074pt.

Overfull \hbox (12.87196pt too wide) in paragraph at lines 251--252
 [][] 
 []

Package epstopdf Info: Source file: <depth.eps>
(epstopdf)                    date: 2014-07-11 12:09:26
(epstopdf)                    size: 73521 bytes
(epstopdf)             Output file: <depth-eps-converted-to.pdf>
(epstopdf)                    date: 2014-07-11 12:10:44
(epstopdf)                    size: 39862 bytes
(epstopdf)             Command: <epstopdf --outfile=depth-eps-converted-to.pdf 
depth.eps>
(epstopdf)             \includegraphics on input line 260.
Package epstopdf Info: Output file is already uptodate.
<depth-eps-converted-to.pdf, id=70, 467.7475pt x 196.735pt>
File: depth-eps-converted-to.pdf Graphic file (type pdf)

<use depth-eps-converted-to.pdf>
Package pdftex.def Info: depth-eps-converted-to.pdf used on input line 260.
(pdftex.def)             Requested size: 467.74634pt x 196.7345pt.

Overfull \hbox (15.74634pt too wide) in paragraph at lines 260--261
 [][] 
 []

Package epstopdf Info: Source file: <shell.eps>
(epstopdf)                    date: 2014-06-30 14:13:43
(epstopdf)                    size: 53629 bytes
(epstopdf)             Output file: <shell-eps-converted-to.pdf>
(epstopdf)                    date: 2014-06-30 14:14:12
(epstopdf)                    size: 28973 bytes
(epstopdf)             Command: <epstopdf --outfile=shell-eps-converted-to.pdf 
shell.eps>
(epstopdf)             \includegraphics on input line 267.
Package epstopdf Info: Output file is already uptodate.
<shell-eps-converted-to.pdf, id=71, 333.245pt x 200.75pt>
File: shell-eps-converted-to.pdf Graphic file (type pdf)

<use shell-eps-converted-to.pdf>
Package pdftex.def Info: shell-eps-converted-to.pdf used on input line 267.
(pdftex.def)             Requested size: 333.24417pt x 200.7495pt.

Underfull \vbox (badness 5316) has occurred while \output is active []

 [9 <C:/Users/Ben/Dropbox/Kidney Morphogenesis/Modelling/Mathematical modelling
/Ret HL/algorithm-eps-converted-to.pdf>]
Package epstopdf Info: Source file: <cell_numbers.eps>
(epstopdf)                    date: 2014-07-11 11:41:32
(epstopdf)                    size: 13847 bytes
(epstopdf)             Output file: <cell_numbers-eps-converted-to.pdf>
(epstopdf)                    date: 2014-07-11 11:42:07
(epstopdf)                    size: 5533 bytes
(epstopdf)             Command: <epstopdf --outfile=cell_numbers-eps-converted-
to.pdf cell_numbers.eps>
(epstopdf)             \includegraphics on input line 286.
Package epstopdf Info: Output file is already uptodate.

<cell_numbers-eps-converted-to.pdf, id=80, 421.575pt x 317.185pt>
File: cell_numbers-eps-converted-to.pdf Graphic file (type pdf)

<use cell_numbers-eps-converted-to.pdf>
Package pdftex.def Info: cell_numbers-eps-converted-to.pdf used on input line 2
86.
(pdftex.def)             Requested size: 421.57396pt x 317.1842pt.
Package epstopdf Info: Source file: <cell_numbers_increment.eps>
(epstopdf)                    date: 2014-07-11 11:41:51
(epstopdf)                    size: 23137 bytes
(epstopdf)             Output file: <cell_numbers_increment-eps-converted-to.pd
f>
(epstopdf)                    date: 2014-07-11 11:42:08
(epstopdf)                    size: 16543 bytes
(epstopdf)             Command: <epstopdf --outfile=cell_numbers_increment-eps-
converted-to.pdf cell_numbers_increment.eps>
(epstopdf)             \includegraphics on input line 293.
Package epstopdf Info: Output file is already uptodate.

<cell_numbers_increment-eps-converted-to.pdf, id=81, 421.575pt x 317.185pt>
File: cell_numbers_increment-eps-converted-to.pdf Graphic file (type pdf)

<use cell_numbers_increment-eps-converted-to.pdf>
Package pdftex.def Info: cell_numbers_increment-eps-converted-to.pdf used on in
put line 293.
(pdftex.def)             Requested size: 421.57396pt x 317.1842pt.
Package epstopdf Info: Source file: <heat_map.eps>
(epstopdf)                    date: 2014-07-07 14:48:51
(epstopdf)                    size: 4917949 bytes
(epstopdf)             Output file: <heat_map-eps-converted-to.pdf>
(epstopdf)                    date: 2014-07-07 14:49:00
(epstopdf)                    size: 16305 bytes
(epstopdf)             Command: <epstopdf --outfile=heat_map-eps-converted-to.p
df heat_map.eps>
(epstopdf)             \includegraphics on input line 300.
Package epstopdf Info: Output file is already uptodate.

<heat_map-eps-converted-to.pdf, id=82, 440.64626pt x 427.5975pt>
File: heat_map-eps-converted-to.pdf Graphic file (type pdf)

<use heat_map-eps-converted-to.pdf>
Package pdftex.def Info: heat_map-eps-converted-to.pdf used on input line 300.
(pdftex.def)             Requested size: 440.64517pt x 427.59645pt.
 [10 <C:/Users/Ben/Dropbox/Kidney Morphogenesis/Modelling/Mathematical modellin
g/Ret HL/algorithm_specific_nochemo-eps-converted-to.pdf>]
Package epstopdf Info: Source file: <invitro_emerge.eps>
(epstopdf)                    date: 2014-06-30 14:52:51
(epstopdf)                    size: 182857 bytes
(epstopdf)             Output file: <invitro_emerge-eps-converted-to.pdf>
(epstopdf)                    date: 2014-06-30 14:54:18
(epstopdf)                    size: 104916 bytes
(epstopdf)             Command: <epstopdf --outfile=invitro_emerge-eps-converte
d-to.pdf invitro_emerge.eps>
(epstopdf)             \includegraphics on input line 310.
Package epstopdf Info: Output file is already uptodate.

<invitro_emerge-eps-converted-to.pdf, id=91, 410.53375pt x 274.02374pt>
File: invitro_emerge-eps-converted-to.pdf Graphic file (type pdf)

<use invitro_emerge-eps-converted-to.pdf>
Package pdftex.def Info: invitro_emerge-eps-converted-to.pdf used on input line
 310.
(pdftex.def)             Requested size: 410.53275pt x 274.02307pt.
Package epstopdf Info: Source file: <duo.eps>
(epstopdf)                    date: 2014-06-30 15:23:02
(epstopdf)                    size: 217997 bytes
(epstopdf)             Output file: <duo-eps-converted-to.pdf>
(epstopdf)                    date: 2014-06-30 15:23:39
(epstopdf)                    size: 178748 bytes
(epstopdf)             Command: <epstopdf --outfile=duo-eps-converted-to.pdf du
o.eps>
(epstopdf)             \includegraphics on input line 319.
Package epstopdf Info: Output file is already uptodate.

<duo-eps-converted-to.pdf, id=92, 369.38pt x 242.9075pt>
File: duo-eps-converted-to.pdf Graphic file (type pdf)

<use duo-eps-converted-to.pdf>
Package pdftex.def Info: duo-eps-converted-to.pdf used on input line 319.
(pdftex.def)             Requested size: 369.37909pt x 242.90689pt.

Underfull \vbox (badness 5985) has occurred while \output is active []

Package epstopdf Info: Source file: <gui_screenshot.eps>
(epstopdf)                    date: 2014-07-11 11:50:17
(epstopdf)                    size: 150731 bytes
(epstopdf)             Output file: <gui_screenshot-eps-converted-to.pdf>
(epstopdf)                    date: 2014-07-11 11:51:32
(epstopdf)                    size: 88596 bytes
(epstopdf)             Command: <epstopdf --outfile=gui_screenshot-eps-converte
d-to.pdf gui_screenshot.eps>
(epstopdf)             \includegraphics on input line 329.
Package epstopdf Info: Output file is already uptodate.

<gui_screenshot-eps-converted-to.pdf, id=93, 521.95pt x 260.975pt>
File: gui_screenshot-eps-converted-to.pdf Graphic file (type pdf)

<use gui_screenshot-eps-converted-to.pdf>
Package pdftex.def Info: gui_screenshot-eps-converted-to.pdf used on input line
 329.
(pdftex.def)             Requested size: 521.94872pt x 260.97437pt.

Overfull \hbox (17.75066pt too wide) in paragraph at lines 329--330
 [][] 
 []

[11 <C:/Users/Ben/Dropbox/Kidney Morphogenesis/Modelling/Mathematical modelling
/Ret HL/emergent-eps-converted-to.pdf>]
Underfull \vbox (badness 10000) has occurred while \output is active []

 [12 <C:/Users/Ben/Dropbox/Kidney Morphogenesis/Modelling/Mathematical modellin
g/Ret HL/initial-eps-converted-to.pdf>]
Underfull \vbox (badness 1199) has occurred while \output is active []

 [13 <C:/Users/Ben/Dropbox/Kidney Morphogenesis/Modelling/Mathematical modellin
g/Ret HL/depth-eps-converted-to.pdf>] [14 <C:/Users/Ben/Dropbox/Kidney Morphoge
nesis/Modelling/Mathematical modelling/Ret HL/shell-eps-converted-to.pdf>] [15 
<C:/Users/Ben/Dropbox/Kidney Morphogenesis/Modelling/Mathematical modelling/Ret
 HL/cell_numbers-eps-converted-to.pdf>]
Underfull \vbox (badness 10000) has occurred while \output is active []

 [16 <C:/Users/Ben/Dropbox/Kidney Morphogenesis/Modelling/Mathematical modellin
g/Ret HL/cell_numbers_increment-eps-converted-to.pdf>]
Underfull \vbox (badness 10000) has occurred while \output is active []

 [17 <C:/Users/Ben/Dropbox/Kidney Morphogenesis/Modelling/Mathematical modellin
g/Ret HL/heat_map-eps-converted-to.pdf>]
Package epstopdf Info: Source file: <connected.eps>
(epstopdf)                    date: 2014-07-04 11:38:14
(epstopdf)                    size: 34693 bytes
(epstopdf)             Output file: <connected-eps-converted-to.pdf>
(epstopdf)                    date: 2014-07-04 11:38:56
(epstopdf)                    size: 13793 bytes
(epstopdf)             Command: <epstopdf --outfile=connected-eps-converted-to.
pdf connected.eps>
(epstopdf)             \includegraphics on input line 443.
Package epstopdf Info: Output file is already uptodate.

<connected-eps-converted-to.pdf, id=164, 834.11626pt x 325.215pt>
File: connected-eps-converted-to.pdf Graphic file (type pdf)

<use connected-eps-converted-to.pdf>
Package pdftex.def Info: connected-eps-converted-to.pdf used on input line 443.

(pdftex.def)             Requested size: 834.11423pt x 325.2142pt.
 [18 <C:/Users/Ben/Dropbox/Kidney Morphogenesis/Modelling/Mathematical modellin
g/Ret HL/invitro_emerge-eps-converted-to.pdf>] [19 <C:/Users/Ben/Dropbox/Kidney
 Morphogenesis/Modelling/Mathematical modelling/Ret HL/duo-eps-converted-to.pdf
>] [20 <C:/Users/Ben/Dropbox/Kidney Morphogenesis/Modelling/Mathematical modell
ing/Ret HL/gui_screenshot-eps-converted-to.pdf>]
Package epstopdf Info: Source file: <axes.eps>
(epstopdf)                    date: 2014-06-25 16:44:05
(epstopdf)                    size: 197281 bytes
(epstopdf)             Output file: <axes-eps-converted-to.pdf>
(epstopdf)                    date: 2014-06-25 16:44:10
(epstopdf)                    size: 93909 bytes
(epstopdf)             Command: <epstopdf --outfile=axes-eps-converted-to.pdf a
xes.eps>
(epstopdf)             \includegraphics on input line 487.
Package epstopdf Info: Output file is already uptodate.
 <axes-eps-converted-to.pdf, id=200, 1089.06876pt x 460.72125pt>
File: axes-eps-converted-to.pdf Graphic file (type pdf)

<use axes-eps-converted-to.pdf>
Package pdftex.def Info: axes-eps-converted-to.pdf used on input line 487.
(pdftex.def)             Requested size: 1089.0661pt x 460.72012pt.
 [21 <C:/Users/Ben/Dropbox/Kidney Morphogenesis/Modelling/Mathematical modellin
g/Ret HL/connected-eps-converted-to.pdf>]
[22 <C:/Users/Ben/Dropbox/Kidney Morphogenesis/Modelling/Mathematical modelling
/Ret HL/axes-eps-converted-to.pdf>]
("C:\Users\Ben\Dropbox\Kidney Morphogenesis\Modelling\Mathematical modelling\Re
t HL\Kidney CA - project write up.bbl"
Underfull \hbox (badness 1616) in paragraph at lines 10--16
[]\OT1/pxr/m/n/10 M Al-bert Bas-son, Simge Ak-bu-lut, Judy
 []


Underfull \hbox (badness 1490) in paragraph at lines 31--37
\OT1/pxr/m/n/10 Licht, Naoya Asai, Masahide Taka-hashi,
 []


Underfull \hbox (badness 1067) in paragraph at lines 31--37
\OT1/pxr/m/n/10 Nobu-taka Ohgami, Masashi Kato, Cathy
 []


Underfull \hbox (badness 3078) in paragraph at lines 58--63
\OT1/pxr/m/n/10 glas Den-ton, Monika Zi-manyi, Ter-ence
 []


Underfull \hbox (badness 1565) in paragraph at lines 97--103
[]\OT1/pxr/m/n/10 Tobias N Meyer, Cather-ine Schwesinger,
 []

[23]
Underfull \hbox (badness 1348) in paragraph at lines 116--122
\OT1/pxr/m/n/10 Anna-Katerina Had-jan-ton-akis, Hui Zong,
 []


Underfull \hbox (badness 6396) in paragraph at lines 124--128
[]\OT1/pxr/m/n/10 Carmen V Pepi-celli, An-dreas Kispert,
 []


Underfull \hbox (badness 2205) in paragraph at lines 170--174
[]\OT1/pxr/m/n/10 S Srini-vas, MR Gold-berg, T Watan-abe,
 []


Underfull \hbox (badness 1533) in paragraph at lines 176--180
\OT1/pxr/m/n/10 gen-er-a-tive ca-pac-ity in the re-nal ureteric
 []


Underfull \hbox (badness 1292) in paragraph at lines 209--212
[]\OT1/pxr/m/n/10 Tomoko Watan-abe and Frank Costan-tini.
 []

[24]
Underfull \hbox (badness 10000) in paragraph at lines 214--221
[]\OT1/pxr/m/n/10 Stefanie We-ber, Vin-cent Moriniere,
 []


Underfull \hbox (badness 10000) in paragraph at lines 214--221
\OT1/pxr/m/n/10 Tanja Kn[]uppel, Ma-rina Char-bit, Jir[]
 []


Underfull \hbox (badness 1221) in paragraph at lines 214--221
\OT1/pxr/m/n/10 Dusek, Gian Marco Ghig-geri, Au-gustina
 []


Underfull \hbox (badness 1158) in paragraph at lines 214--221
\OT1/pxr/m/n/10 Amira Peco-Antic, et al.  Preva-lence of
 []

) [25

]
("C:\Users\Ben\Dropbox\Kidney Morphogenesis\Modelling\Mathematical modelling\Re
t HL\Kidney CA - project write up.aux")

LaTeX Warning: Label(s) may have changed. Rerun to get cross-references right.

 ) 
Here is how much of TeX's memory you used:
 12828 strings out of 494045
 183825 string characters out of 3148393
 373367 words of memory out of 3000000
 15801 multiletter control sequences out of 15000+200000
 41323 words of font info for 124 fonts, out of 3000000 for 9000
 715 hyphenation exceptions out of 8191
 52i,10n,92p,3257b,362s stack positions out of 5000i,500n,10000p,200000b,50000s
{C:/Program Files/MiKTeX 2.9/fonts/enc/dvips/fontname/8r.enc}<C:/Program File
s/MiKTeX 2.9/fonts/type1/public/pxfonts/pxex.pfb><C:/Program Files/MiKTeX 2.9/f
onts/type1/public/pxfonts/pxsy.pfb><C:/Program Files/MiKTeX 2.9/fonts/type1/pub
lic/pxfonts/rpxb.pfb><C:/Program Files/MiKTeX 2.9/fonts/type1/public/pxfonts/rp
xmi.pfb><C:/Program Files/MiKTeX 2.9/fonts/type1/public/pxfonts/rpxr.pfb><C:/Pr
ogram Files/MiKTeX 2.9/fonts/type1/urw/palatino/uplb8a.pfb><C:/Program Files/Mi
KTeX 2.9/fonts/type1/urw/palatino/uplr8a.pfb><C:/Program Files/MiKTeX 2.9/fonts
/type1/urw/palatino/uplri8a.pfb>
Output written on "Kidney CA - project write up.pdf" (25 pages, 924510 bytes).
PDF statistics:
 270 PDF objects out of 1000 (max. 8388607)
 0 named destinations out of 1000 (max. 500000)
 96 words of extra memory for PDF output out of 10000 (max. 10000000)

